<?xml version="1.0" encoding="UTF-8"?>
<!-- Generated by org.testng.reporters.JUnitReportReporter -->
<testsuite skipped="0" hostname="Ramya" name="testNG.TestGrouping" tests="8" failures="0" timestamp="25 May 2018 04:33:24 GMT" time="0.055" errors="0">
  <testcase name="m1" time="0.026" classname="testNG.TestGrouping"/>
  <testcase name="m2" time="0.002" classname="testNG.TestGrouping"/>
  <testcase name="m2" time="0.017" classname="testNG.TestGrouping"/>
  <testcase name="m4" time="0.004" classname="testNG.TestGrouping"/>
  <testcase name="m1" time="0.002" classname="testNG.TestGrouping"/>
  <testcase name="m4" time="0.001" classname="testNG.TestGrouping"/>
  <testcase name="m3" time="0.002" classname="testNG.TestGrouping"/>
  <testcase name="m3" time="0.001" classname="testNG.TestGrouping"/>
</testsuite> <!-- testNG.TestGrouping -->
