<?xml version="1.0" encoding="UTF-8"?>
<!-- Generated by org.testng.reporters.JUnitReportReporter -->
<testsuite skipped="1" hostname="Ramya" name="testNG.TestTestNGDependency" tests="6" failures="0" timestamp="08 Jun 2018 19:18:24 GMT" time="0.021" errors="0">
  <testcase name="d" time="0.002" classname="testNG.TestTestNGDependency"/>
  <testcase name="d1" time="0.011" classname="testNG.TestTestNGDependency"/>
  <testcase name="m" time="0.001" classname="testNG.TestTestNGDependency"/>
  <testcase name="e" time="0.004" classname="testNG.TestTestNGDependency"/>
  <testcase name="f" time="0.003" classname="testNG.TestTestNGDependency"/>
  <testcase name="h" classname="testNG.TestTestNGDependency">
    <skipped/>
  </testcase> <!-- h -->
</testsuite> <!-- testNG.TestTestNGDependency -->
