<?xml version="1.0" encoding="UTF-8"?>
<!-- Generated by org.testng.reporters.JUnitReportReporter -->
<testsuite skipped="0" hostname="Ramya" name="testNG.TestDependencyUsingFacebook" tests="2" failures="0" timestamp="06 Mar 2018 14:22:13 GMT" time="50.817" errors="0">
  <testcase name="loginToFacebook" time="11.535" classname="testNG.TestDependencyUsingFacebook"/>
  <testcase name="openBrowser" time="39.282" classname="testNG.TestDependencyUsingFacebook"/>
</testsuite> <!-- testNG.TestDependencyUsingFacebook -->
