<?xml version="1.0" encoding="UTF-8"?>
<!-- Generated by org.testng.reporters.JUnitReportReporter -->
<testsuite skipped="0" hostname="Ramya" name="testNG.TestGroupingNew" tests="12" failures="0" timestamp="25 May 2018 04:33:24 GMT" time="0.065" errors="0">
  <testcase name="f3" time="0.002" classname="testNG.TestGroupingNew"/>
  <testcase name="f1" time="0.004" classname="testNG.TestGroupingNew"/>
  <testcase name="f4" time="0.007" classname="testNG.TestGroupingNew"/>
  <testcase name="f6" time="0.001" classname="testNG.TestGroupingNew"/>
  <testcase name="f3" time="0.001" classname="testNG.TestGroupingNew"/>
  <testcase name="f4" time="0.001" classname="testNG.TestGroupingNew"/>
  <testcase name="f2" time="0.003" classname="testNG.TestGroupingNew"/>
  <testcase name="f5" time="0.003" classname="testNG.TestGroupingNew"/>
  <testcase name="f5" time="0.002" classname="testNG.TestGroupingNew"/>
  <testcase name="f2" time="0.006" classname="testNG.TestGroupingNew"/>
  <testcase name="f6" time="0.003" classname="testNG.TestGroupingNew"/>
  <testcase name="f1" time="0.032" classname="testNG.TestGroupingNew"/>
</testsuite> <!-- testNG.TestGroupingNew -->
