<?xml version="1.0" encoding="UTF-8"?>
<!-- Generated by org.testng.reporters.JUnitReportReporter -->
<testsuite skipped="0" hostname="Ramya" name="testNG.TestNGAnnotations" tests="4" failures="0" timestamp="25 May 2018 04:33:24 GMT" time="0.095" errors="0">
  <testcase name="f2" time="0.005" classname="testNG.TestNGAnnotations"/>
  <testcase name="f2" time="0.010" classname="testNG.TestNGAnnotations"/>
  <testcase name="f1" time="0.013" classname="testNG.TestNGAnnotations"/>
  <testcase name="f1" time="0.067" classname="testNG.TestNGAnnotations"/>
</testsuite> <!-- testNG.TestNGAnnotations -->
