<?xml version="1.0" encoding="UTF-8"?>
<!-- Generated by org.testng.reporters.JUnitReportReporter -->
<testsuite skipped="0" hostname="Ramya" name="testNG.TestTestNGAttributes" tests="4" failures="0" timestamp="24 Jun 2018 07:33:56 GMT" time="0.025" errors="0">
  <testcase name="test3" time="0.002" classname="testNG.TestTestNGAttributes"/>
  <testcase name="test2" time="0.012" classname="testNG.TestTestNGAttributes"/>
  <testcase name="test1" time="0.009" classname="testNG.TestTestNGAttributes"/>
  <testcase name="test4" time="0.002" classname="testNG.TestTestNGAttributes"/>
</testsuite> <!-- testNG.TestTestNGAttributes -->
